0 info it worked if it ends with ok
1 verbose cli [ '/usr/bin/nodejs', '/usr/bin/npm', 'install', 'jquery' ]
2 info using npm@1.3.10
3 info using node@v0.10.25
4 verbose readDependencies using package.json deps
5 verbose cache add [ 'jquery', null ]
6 verbose cache add name=undefined spec="jquery" args=["jquery",null]
7 verbose parsed url { protocol: null,
7 verbose parsed url   slashes: null,
7 verbose parsed url   auth: null,
7 verbose parsed url   host: null,
7 verbose parsed url   port: null,
7 verbose parsed url   hostname: null,
7 verbose parsed url   hash: null,
7 verbose parsed url   search: null,
7 verbose parsed url   query: null,
7 verbose parsed url   pathname: 'jquery',
7 verbose parsed url   path: 'jquery',
7 verbose parsed url   href: 'jquery' }
8 silly lockFile 6f2ab963-jquery jquery
9 verbose lock jquery /home/likewise-open/FRAMGIA/vo.hong.quan/.npm/6f2ab963-jquery.lock
10 silly lockFile 6f2ab963-jquery jquery
11 silly lockFile 6f2ab963-jquery jquery
12 verbose addNamed [ 'jquery', '' ]
13 verbose addNamed [ null, '*' ]
14 silly lockFile 039e748d-jquery jquery@
15 verbose lock jquery@ /home/likewise-open/FRAMGIA/vo.hong.quan/.npm/039e748d-jquery.lock
16 silly addNameRange { name: 'jquery', range: '*', hasData: false }
17 verbose url raw jquery
18 verbose url resolving [ 'https://registry.npmjs.org/', './jquery' ]
19 verbose url resolved https://registry.npmjs.org/jquery
20 info trying registry request attempt 1 at 10:10:25
21 http GET https://registry.npmjs.org/jquery
22 http 200 https://registry.npmjs.org/jquery
23 silly registry.get cb [ 200,
23 silly registry.get   { server: 'CouchDB/1.5.0 (Erlang OTP/R16B03)',
23 silly registry.get     etag: '"DY95A9JT1XPH46TIAR0Q1XM1Z"',
23 silly registry.get     'content-type': 'application/json',
23 silly registry.get     'cache-control': 'max-age=300',
23 silly registry.get     'content-length': '80732',
23 silly registry.get     'accept-ranges': 'bytes',
23 silly registry.get     date: 'Thu, 15 Sep 2016 03:10:26 GMT',
23 silly registry.get     via: '1.1 varnish',
23 silly registry.get     age: '0',
23 silly registry.get     connection: 'keep-alive',
23 silly registry.get     'x-served-by': 'cache-hkg6825-HKG',
23 silly registry.get     'x-cache': 'MISS',
23 silly registry.get     'x-cache-hits': '0',
23 silly registry.get     'x-timer': 'S1473909026.089839,VS0,VE709',
23 silly registry.get     vary: 'Accept-Encoding' } ]
24 silly addNameRange number 2 { name: 'jquery', range: '*', hasData: true }
25 silly addNameRange versions [ 'jquery',
25 silly addNameRange   [ '1.5.1',
25 silly addNameRange     '1.6.2',
25 silly addNameRange     '1.6.3',
25 silly addNameRange     '1.7.2',
25 silly addNameRange     '1.7.3',
25 silly addNameRange     '1.8.2',
25 silly addNameRange     '1.8.3',
25 silly addNameRange     '2.1.0-beta2',
25 silly addNameRange     '2.1.0-beta3',
25 silly addNameRange     '1.11.0-beta3',
25 silly addNameRange     '1.11.0-rc1',
25 silly addNameRange     '2.1.0-rc1',
25 silly addNameRange     '1.11.0',
25 silly addNameRange     '2.1.0',
25 silly addNameRange     '2.1.1-beta1',
25 silly addNameRange     '1.11.1-beta1',
25 silly addNameRange     '2.1.1-rc1',
25 silly addNameRange     '1.11.1-rc1',
25 silly addNameRange     '2.1.1-rc2',
25 silly addNameRange     '1.11.1-rc2',
25 silly addNameRange     '2.1.1',
25 silly addNameRange     '1.11.1',
25 silly addNameRange     '1.9.1',
25 silly addNameRange     '2.1.2',
25 silly addNameRange     '1.11.2',
25 silly addNameRange     '2.1.3',
25 silly addNameRange     '2.1.4',
25 silly addNameRange     '1.11.3',
25 silly addNameRange     '3.0.0-alpha1',
25 silly addNameRange     '1.12.0',
25 silly addNameRange     '2.2.0',
25 silly addNameRange     '3.0.0-beta1',
25 silly addNameRange     '1.12.1',
25 silly addNameRange     '2.2.1',
25 silly addNameRange     '1.12.2',
25 silly addNameRange     '2.2.2',
25 silly addNameRange     '1.12.3',
25 silly addNameRange     '2.2.3',
25 silly addNameRange     '1.12.4',
25 silly addNameRange     '2.2.4',
25 silly addNameRange     '3.0.0-rc1',
25 silly addNameRange     '3.0.0',
25 silly addNameRange     '3.1.0' ] ]
26 verbose addNamed [ 'jquery', '3.1.0' ]
27 verbose addNamed [ '3.1.0', '3.1.0' ]
28 silly lockFile 77cbc626-jquery-3-1-0 jquery@3.1.0
29 verbose lock jquery@3.1.0 /home/likewise-open/FRAMGIA/vo.hong.quan/.npm/77cbc626-jquery-3-1-0.lock
30 silly lockFile d5596349-pmjs-org-jquery-jquery-3-1-0-tgz https://registry.npmjs.org/jquery/-/jquery-3.1.0.tgz
31 verbose lock https://registry.npmjs.org/jquery/-/jquery-3.1.0.tgz /home/likewise-open/FRAMGIA/vo.hong.quan/.npm/d5596349-pmjs-org-jquery-jquery-3-1-0-tgz.lock
32 verbose addRemoteTarball [ 'https://registry.npmjs.org/jquery/-/jquery-3.1.0.tgz',
32 verbose addRemoteTarball   '129f6f1ae94b18f09010b008d0d6011e40613d7f' ]
33 silly lockFile d5596349-pmjs-org-jquery-jquery-3-1-0-tgz https://registry.npmjs.org/jquery/-/jquery-3.1.0.tgz
34 silly lockFile d5596349-pmjs-org-jquery-jquery-3-1-0-tgz https://registry.npmjs.org/jquery/-/jquery-3.1.0.tgz
35 silly lockFile 77cbc626-jquery-3-1-0 jquery@3.1.0
36 silly lockFile 77cbc626-jquery-3-1-0 jquery@3.1.0
37 silly lockFile 039e748d-jquery jquery@
38 silly lockFile 039e748d-jquery jquery@
39 error Error: EACCES, mkdir '/home/likewise-open/FRAMGIA/vo.hong.quan/tmp/npm-16732-GlrQrxuu'
39 error  { [Error: EACCES, mkdir '/home/likewise-open/FRAMGIA/vo.hong.quan/tmp/npm-16732-GlrQrxuu']
39 error   errno: 3,
39 error   code: 'EACCES',
39 error   path: '/home/likewise-open/FRAMGIA/vo.hong.quan/tmp/npm-16732-GlrQrxuu' }
40 error Please try running this command again as root/Administrator.
41 error System Linux 4.4.0-31-generic
42 error command "/usr/bin/nodejs" "/usr/bin/npm" "install" "jquery"
43 error cwd /home/likewise-open/FRAMGIA/vo.hong.quan/FramgiaProjects/blog
44 error node -v v0.10.25
45 error npm -v 1.3.10
46 error path /home/likewise-open/FRAMGIA/vo.hong.quan/tmp/npm-16732-GlrQrxuu
47 error code EACCES
48 error errno 3
49 error stack Error: EACCES, mkdir '/home/likewise-open/FRAMGIA/vo.hong.quan/tmp/npm-16732-GlrQrxuu'
50 verbose exit [ 3, true ]
